<?xml version="1.0" encoding="UTF-8"?>
<!-- Generated by org.testng.reporters.JUnitXMLReporter -->
<testsuite ignored="0" hostname="DESKTOP-KJBN7L5" failures="0" tests="2" name="Place Order Test" time="15.677" errors="0" timestamp="2023-02-08T18:21:56 IST">
  <testcase classname="MavenIntroduction.SeleniumFramework.PlaceOrderTest" name="submitOrder" time="4.17"/>
  <testcase classname="MavenIntroduction.SeleniumFramework.PlaceOrderTest" name="OrderHistory" time="1.566"/>
</testsuite> <!-- Place Order Test -->
