<?xml version="1.0" encoding="UTF-8"?>
<!-- Generated by org.testng.reporters.JUnitXMLReporter -->
<testsuite ignored="0" hostname="DESKTOP-KJBN7L5" failures="0" tests="2" name="Place Order Test" time="47.815" errors="0" timestamp="09 Feb 2023 12:17:40 GMT">
  <testcase classname="MavenIntroduction.SeleniumFramework.PlaceOrderTest" name="submitOrder" time="3.617"/>
  <testcase classname="MavenIntroduction.SeleniumFramework.PlaceOrderTest" name="OrderHistory" time="0.998"/>
</testsuite> <!-- Place Order Test -->
