<?xml version="1.0" encoding="UTF-8"?>
<testng-results ignored="0" total="2" passed="2" failed="0" skipped="0">
  <reporter-output>
  </reporter-output>
  <suite started-at="2023-02-10T11:24:39Z" name="Suite" finished-at="2023-02-10T11:24:52Z" duration-ms="13366">
    <groups>
      <group name="dataPro">
        <method signature="DataProv.submitOrder(java.lang.String, java.lang.String, java.lang.String)[pri:0, instance:MavenIntroduction.SeleniumFramework.DataProv@3cce5371]" name="submitOrder" class="MavenIntroduction.SeleniumFramework.DataProv"/>
      </group> <!-- dataPro -->
    </groups>
    <test started-at="2023-02-10T11:24:39Z" name="Test" finished-at="2023-02-10T11:24:52Z" duration-ms="13366">
      <class name="MavenIntroduction.SeleniumFramework.DataProv">
        <test-method is-config="true" signature="landingpage()[pri:0, instance:MavenIntroduction.SeleniumFramework.DataProv@3cce5371]" started-at="2023-02-10T11:24:39Z" name="landingpage" finished-at="2023-02-10T11:24:42Z" duration-ms="3705" status="PASS">
          <reporter-output>
          </reporter-output>
        </test-method> <!-- landingpage -->
        <test-method signature="submitOrder(java.lang.String, java.lang.String, java.lang.String)[pri:0, instance:MavenIntroduction.SeleniumFramework.DataProv@3cce5371]" started-at="2023-02-10T11:24:42Z" name="submitOrder" data-provider="getData" finished-at="2023-02-10T11:24:46Z" duration-ms="3402" status="PASS">
          <params>
            <param index="0">
              <value>
                <![CDATA[anshika@gmail.com]]>
              </value>
            </param>
            <param index="1">
              <value>
                <![CDATA[Iamking@000]]>
              </value>
            </param>
            <param index="2">
              <value>
                <![CDATA[ADIDAS ORIGINAL]]>
              </value>
            </param>
          </params>
          <reporter-output>
          </reporter-output>
        </test-method> <!-- submitOrder -->
        <test-method is-config="true" signature="landingpage()[pri:0, instance:MavenIntroduction.SeleniumFramework.DataProv@3cce5371]" started-at="2023-02-10T11:24:46Z" name="landingpage" finished-at="2023-02-10T11:24:48Z" duration-ms="2257" status="PASS">
          <reporter-output>
          </reporter-output>
        </test-method> <!-- landingpage -->
        <test-method signature="submitOrder(java.lang.String, java.lang.String, java.lang.String)[pri:0, instance:MavenIntroduction.SeleniumFramework.DataProv@3cce5371]" started-at="2023-02-10T11:24:48Z" name="submitOrder" data-provider="getData" finished-at="2023-02-10T11:24:52Z" duration-ms="3984" status="PASS">
          <params>
            <param index="0">
              <value>
                <![CDATA[shetty@gmail.com]]>
              </value>
            </param>
            <param index="1">
              <value>
                <![CDATA[Iamking@000]]>
              </value>
            </param>
            <param index="2">
              <value>
                <![CDATA[ZARA COAT 3]]>
              </value>
            </param>
          </params>
          <reporter-output>
          </reporter-output>
        </test-method> <!-- submitOrder -->
      </class> <!-- MavenIntroduction.SeleniumFramework.DataProv -->
    </test> <!-- Test -->
  </suite> <!-- Suite -->
</testng-results>
